<?xml version="1.0" encoding="UTF-8"?>
<!-- Generated by org.testng.reporters.JUnitXMLReporter -->
<testsuite ignored="1" hostname="DESKTOP-M7UI3Q0" failures="1" tests="1" name="Test(failed)" time="0.084" errors="0" timestamp="2022-11-14T23:45:26 IST">
  <testcase classname="assertions.P_5SOftAssert" name="TC1" time="0.017">
    <failure type="java.lang.AssertionError" message="The following asserts failed:
	expected [Hello] but found [hi]">
      <![CDATA[java.lang.AssertionError: The following asserts failed:
expected [Hello] but found [hi]
at assertions.P_5SOftAssert.TC1(P_5SOftAssert.java:15)
at java.base/java.util.ArrayList.forEach(ArrayList.java:1511)
... Removed 29 stack frames]]>
    </failure>
  </testcase> <!-- TC1 -->
  <testcase classname="assertions.P_5SOftAssert" name="TC2" time="0.0">
    <ignored/>
  </testcase> <!-- TC2 -->
</testsuite> <!-- Test(failed) -->
